<?xml version="1.0" encoding="UTF-8"?>
<!-- Generated by org.testng.reporters.JUnitReportReporter -->
<testsuite hostname="MoreVasanthKumar" failures="0" tests="3" name="org.sap.tests.AmazonDemoTest" time="20.587" errors="0" timestamp="2023-08-21T10:48:06 IST" skipped="1">
  <testcase classname="org.sap.tests.AmazonDemoTest" name="amazonTest" time="9.865"/>
  <testcase classname="org.sap.tests.AmazonDemoTest" name="amazonTest" time="10.722"/>
  <testcase classname="org.sap.tests.AmazonDemoTest" name="m1">
    <skipped/>
  </testcase> <!-- m1 -->
</testsuite> <!-- org.sap.tests.AmazonDemoTest -->
