<?xml version="1.0" encoding="UTF-8"?>
<!-- Generated by org.testng.reporters.JUnitReportReporter -->
<testsuite hostname="MoreVasanthKumar" failures="0" tests="3" name="org.exercise.dataprovider.latest.DataProviderTest" time="0.013" errors="0" timestamp="2023-07-31T23:56:51 IST" skipped="0">
  <testcase classname="org.exercise.dataprovider.latest.DataProviderTest" name="dataProviderTestWithExcelHasMap" time="0.002"/>
  <testcase classname="org.exercise.dataprovider.latest.DataProviderTest" name="dataProviderTestWithExcelHasMap" time="0.003"/>
  <testcase classname="org.exercise.dataprovider.latest.DataProviderTest" name="dataProviderTestWithExcelHasMap" time="0.008"/>
</testsuite> <!-- org.exercise.dataprovider.latest.DataProviderTest -->
