<?xml version="1.0" encoding="UTF-8"?>
<!-- Generated by org.testng.reporters.JUnitReportReporter -->
<testsuite hostname="MoreVasanthKumar" failures="0" tests="1" name="org.sap.tests.OrangeHrmTests" time="24.672" errors="0" timestamp="2023-07-26T23:17:31 IST" skipped="0">
  <testcase classname="org.sap.tests.OrangeHrmTests" name="test1" time="24.672"/>
</testsuite> <!-- org.sap.tests.OrangeHrmTests -->
